ErrorTraceSource Error: 0 : Unhandled exception occurred on 9/05/2019 3:10:38 a. m. : Ya se agregó un elemento con la misma clave.   en System.Activities.Presentation.DictionaryItemsCollection`2.InsertItem(Int32 index, ModelItemKeyValuePair`2 item)
   en System.Collections.ObjectModel.Collection`1.Add(T item)
   en System.Collections.ObjectModel.Collection`1.System.Collections.IList.Add(Object value)
   en System.Activities.Presentation.Model.ModelItemCollectionImpl.AddCore(ModelItem item)
   en System.Activities.Presentation.Model.CollectionChange.ApplyInsert()
   en System.Activities.Presentation.Model.CollectionChange.Apply()
   en System.Activities.Presentation.Model.EditingScope.OnComplete()
   en System.Activities.Presentation.Model.ModelEditingScope.Complete()
   en Microsoft.Consulting.Workflow.Activities.ExecuteXamlWorkflowDesigner.DefineArgsButton_Click(Object sender, RoutedEventArgs e) en C:\Users\Ts\Downloads\Nuevo workflowrehosted\WF4 – Custom Activity to Invoke XAML Based Child Workflows\C#\ExecuteXamlWorkflow\ExecuteXamlWorkflowDesigner.xaml.cs:línea 94
   en System.Windows.RoutedEventHandlerInfo.InvokeHandler(Object target, RoutedEventArgs routedEventArgs)
   en System.Windows.EventRoute.InvokeHandlersImpl(Object source, RoutedEventArgs args, Boolean reRaised)
   en System.Windows.UIElement.RaiseEventImpl(DependencyObject sender, RoutedEventArgs args)
   en System.Windows.UIElement.RaiseEvent(RoutedEventArgs e)
   en System.Windows.Controls.Primitives.ButtonBase.OnClick()
   en System.Windows.Controls.Button.OnClick()
   en System.Windows.Controls.Primitives.ButtonBase.OnMouseLeftButtonUp(MouseButtonEventArgs e)
   en System.Windows.UIElement.OnMouseLeftButtonUpThunk(Object sender, MouseButtonEventArgs e)
   en System.Windows.Input.MouseButtonEventArgs.InvokeEventHandler(Delegate genericHandler, Object genericTarget)
   en System.Windows.RoutedEventArgs.InvokeHandler(Delegate handler, Object target)
   en System.Windows.RoutedEventHandlerInfo.InvokeHandler(Object target, RoutedEventArgs routedEventArgs)
   en System.Windows.EventRoute.InvokeHandlersImpl(Object source, RoutedEventArgs args, Boolean reRaised)
   en System.Windows.UIElement.ReRaiseEventAs(DependencyObject sender, RoutedEventArgs args, RoutedEvent newEvent)
   en System.Windows.UIElement.OnMouseUpThunk(Object sender, MouseButtonEventArgs e)
   en System.Windows.Input.MouseButtonEventArgs.InvokeEventHandler(Delegate genericHandler, Object genericTarget)
   en System.Windows.RoutedEventArgs.InvokeHandler(Delegate handler, Object target)
   en System.Windows.RoutedEventHandlerInfo.InvokeHandler(Object target, RoutedEventArgs routedEventArgs)
   en System.Windows.EventRoute.InvokeHandlersImpl(Object source, RoutedEventArgs args, Boolean reRaised)
   en System.Windows.UIElement.RaiseEventImpl(DependencyObject sender, RoutedEventArgs args)
   en System.Windows.UIElement.RaiseTrustedEvent(RoutedEventArgs args)
   en System.Windows.UIElement.RaiseEvent(RoutedEventArgs args, Boolean trusted)
   en System.Windows.Input.InputManager.ProcessStagingArea()
   en System.Windows.Input.InputManager.ProcessInput(InputEventArgs input)
   en System.Windows.Input.InputProviderSite.ReportInput(InputReport inputReport)
   en System.Windows.Interop.HwndMouseInputProvider.ReportInput(IntPtr hwnd, InputMode mode, Int32 timestamp, RawMouseActions actions, Int32 x, Int32 y, Int32 wheel)
   en System.Windows.Interop.HwndMouseInputProvider.FilterMessage(IntPtr hwnd, WindowMessage msg, IntPtr wParam, IntPtr lParam, Boolean& handled)
   en System.Windows.Interop.HwndSource.InputFilterMessage(IntPtr hwnd, Int32 msg, IntPtr wParam, IntPtr lParam, Boolean& handled)
   en MS.Win32.HwndWrapper.WndProc(IntPtr hwnd, Int32 msg, IntPtr wParam, IntPtr lParam, Boolean& handled)
   en MS.Win32.HwndSubclass.DispatcherCallbackOperation(Object o)
   en System.Windows.Threading.ExceptionWrapper.InternalRealCall(Delegate callback, Object args, Int32 numArgs)
   en System.Windows.Threading.ExceptionWrapper.TryCatchWhen(Object source, Delegate callback, Object args, Int32 numArgs, Delegate catchHandler)
ErrorTraceSource Error: 0 : Unhandled exception occurred on 9/05/2019 3:36:14 a. m. : Ya se agregó un elemento con la misma clave.   en System.Activities.Presentation.DictionaryItemsCollection`2.InsertItem(Int32 index, ModelItemKeyValuePair`2 item)
   en System.Collections.ObjectModel.Collection`1.Add(T item)
   en System.Collections.ObjectModel.Collection`1.System.Collections.IList.Add(Object value)
   en System.Activities.Presentation.Model.ModelItemCollectionImpl.AddCore(ModelItem item)
   en System.Activities.Presentation.Model.CollectionChange.ApplyInsert()
   en System.Activities.Presentation.Model.CollectionChange.Apply()
   en System.Activities.Presentation.Model.EditingScope.OnComplete()
   en System.Activities.Presentation.Model.ModelEditingScope.Complete()
   en Microsoft.Consulting.Workflow.Activities.ExecuteXamlWorkflowDesigner.DefineArgsButton_Click(Object sender, RoutedEventArgs e) en C:\Users\Ts\Downloads\Nuevo workflowrehosted\WF4 – Custom Activity to Invoke XAML Based Child Workflows\C#\ExecuteXamlWorkflow\ExecuteXamlWorkflowDesigner.xaml.cs:línea 94
   en System.Windows.RoutedEventHandlerInfo.InvokeHandler(Object target, RoutedEventArgs routedEventArgs)
   en System.Windows.EventRoute.InvokeHandlersImpl(Object source, RoutedEventArgs args, Boolean reRaised)
   en System.Windows.UIElement.RaiseEventImpl(DependencyObject sender, RoutedEventArgs args)
   en System.Windows.UIElement.RaiseEvent(RoutedEventArgs e)
   en System.Windows.Controls.Primitives.ButtonBase.OnClick()
   en System.Windows.Controls.Button.OnClick()
   en System.Windows.Controls.Primitives.ButtonBase.OnMouseLeftButtonUp(MouseButtonEventArgs e)
   en System.Windows.UIElement.OnMouseLeftButtonUpThunk(Object sender, MouseButtonEventArgs e)
   en System.Windows.Input.MouseButtonEventArgs.InvokeEventHandler(Delegate genericHandler, Object genericTarget)
   en System.Windows.RoutedEventArgs.InvokeHandler(Delegate handler, Object target)
   en System.Windows.RoutedEventHandlerInfo.InvokeHandler(Object target, RoutedEventArgs routedEventArgs)
   en System.Windows.EventRoute.InvokeHandlersImpl(Object source, RoutedEventArgs args, Boolean reRaised)
   en System.Windows.UIElement.ReRaiseEventAs(DependencyObject sender, RoutedEventArgs args, RoutedEvent newEvent)
   en System.Windows.UIElement.OnMouseUpThunk(Object sender, MouseButtonEventArgs e)
   en System.Windows.Input.MouseButtonEventArgs.InvokeEventHandler(Delegate genericHandler, Object genericTarget)
   en System.Windows.RoutedEventArgs.InvokeHandler(Delegate handler, Object target)
   en System.Windows.RoutedEventHandlerInfo.InvokeHandler(Object target, RoutedEventArgs routedEventArgs)
   en System.Windows.EventRoute.InvokeHandlersImpl(Object source, RoutedEventArgs args, Boolean reRaised)
   en System.Windows.UIElement.RaiseEventImpl(DependencyObject sender, RoutedEventArgs args)
   en System.Windows.UIElement.RaiseTrustedEvent(RoutedEventArgs args)
   en System.Windows.UIElement.RaiseEvent(RoutedEventArgs args, Boolean trusted)
   en System.Windows.Input.InputManager.ProcessStagingArea()
   en System.Windows.Input.InputManager.ProcessInput(InputEventArgs input)
   en System.Windows.Input.InputProviderSite.ReportInput(InputReport inputReport)
   en System.Windows.Interop.HwndMouseInputProvider.ReportInput(IntPtr hwnd, InputMode mode, Int32 timestamp, RawMouseActions actions, Int32 x, Int32 y, Int32 wheel)
   en System.Windows.Interop.HwndMouseInputProvider.FilterMessage(IntPtr hwnd, WindowMessage msg, IntPtr wParam, IntPtr lParam, Boolean& handled)
   en System.Windows.Interop.HwndSource.InputFilterMessage(IntPtr hwnd, Int32 msg, IntPtr wParam, IntPtr lParam, Boolean& handled)
   en MS.Win32.HwndWrapper.WndProc(IntPtr hwnd, Int32 msg, IntPtr wParam, IntPtr lParam, Boolean& handled)
   en MS.Win32.HwndSubclass.DispatcherCallbackOperation(Object o)
   en System.Windows.Threading.ExceptionWrapper.InternalRealCall(Delegate callback, Object args, Int32 numArgs)
   en System.Windows.Threading.ExceptionWrapper.TryCatchWhen(Object source, Delegate callback, Object args, Int32 numArgs, Delegate catchHandler)
ErrorTraceSource Error: 0 : Unhandled exception occurred on 9/05/2019 3:37:03 a. m. : Ya se agregó un elemento con la misma clave.   en System.Activities.Presentation.DictionaryItemsCollection`2.InsertItem(Int32 index, ModelItemKeyValuePair`2 item)
   en System.Collections.ObjectModel.Collection`1.Add(T item)
   en System.Collections.ObjectModel.Collection`1.System.Collections.IList.Add(Object value)
   en System.Activities.Presentation.Model.ModelItemCollectionImpl.AddCore(ModelItem item)
   en System.Activities.Presentation.Model.CollectionChange.ApplyInsert()
   en System.Activities.Presentation.Model.CollectionChange.Apply()
   en System.Activities.Presentation.Model.EditingScope.OnComplete()
   en System.Activities.Presentation.Model.ModelEditingScope.Complete()
   en Microsoft.Consulting.Workflow.Activities.ExecuteXamlWorkflowDesigner.DefineArgsButton_Click(Object sender, RoutedEventArgs e) en C:\Users\Ts\Downloads\Nuevo workflowrehosted\WF4 – Custom Activity to Invoke XAML Based Child Workflows\C#\ExecuteXamlWorkflow\ExecuteXamlWorkflowDesigner.xaml.cs:línea 94
   en System.Windows.RoutedEventHandlerInfo.InvokeHandler(Object target, RoutedEventArgs routedEventArgs)
   en System.Windows.EventRoute.InvokeHandlersImpl(Object source, RoutedEventArgs args, Boolean reRaised)
   en System.Windows.UIElement.RaiseEventImpl(DependencyObject sender, RoutedEventArgs args)
   en System.Windows.UIElement.RaiseEvent(RoutedEventArgs e)
   en System.Windows.Controls.Primitives.ButtonBase.OnClick()
   en System.Windows.Controls.Button.OnClick()
   en System.Windows.Controls.Primitives.ButtonBase.OnMouseLeftButtonUp(MouseButtonEventArgs e)
   en System.Windows.UIElement.OnMouseLeftButtonUpThunk(Object sender, MouseButtonEventArgs e)
   en System.Windows.Input.MouseButtonEventArgs.InvokeEventHandler(Delegate genericHandler, Object genericTarget)
   en System.Windows.RoutedEventArgs.InvokeHandler(Delegate handler, Object target)
   en System.Windows.RoutedEventHandlerInfo.InvokeHandler(Object target, RoutedEventArgs routedEventArgs)
   en System.Windows.EventRoute.InvokeHandlersImpl(Object source, RoutedEventArgs args, Boolean reRaised)
   en System.Windows.UIElement.ReRaiseEventAs(DependencyObject sender, RoutedEventArgs args, RoutedEvent newEvent)
   en System.Windows.UIElement.OnMouseUpThunk(Object sender, MouseButtonEventArgs e)
   en System.Windows.Input.MouseButtonEventArgs.InvokeEventHandler(Delegate genericHandler, Object genericTarget)
   en System.Windows.RoutedEventArgs.InvokeHandler(Delegate handler, Object target)
   en System.Windows.RoutedEventHandlerInfo.InvokeHandler(Object target, RoutedEventArgs routedEventArgs)
   en System.Windows.EventRoute.InvokeHandlersImpl(Object source, RoutedEventArgs args, Boolean reRaised)
   en System.Windows.UIElement.RaiseEventImpl(DependencyObject sender, RoutedEventArgs args)
   en System.Windows.UIElement.RaiseTrustedEvent(RoutedEventArgs args)
   en System.Windows.UIElement.RaiseEvent(RoutedEventArgs args, Boolean trusted)
   en System.Windows.Input.InputManager.ProcessStagingArea()
   en System.Windows.Input.InputManager.ProcessInput(InputEventArgs input)
   en System.Windows.Input.InputProviderSite.ReportInput(InputReport inputReport)
   en System.Windows.Interop.HwndMouseInputProvider.ReportInput(IntPtr hwnd, InputMode mode, Int32 timestamp, RawMouseActions actions, Int32 x, Int32 y, Int32 wheel)
   en System.Windows.Interop.HwndMouseInputProvider.FilterMessage(IntPtr hwnd, WindowMessage msg, IntPtr wParam, IntPtr lParam, Boolean& handled)
   en System.Windows.Interop.HwndSource.InputFilterMessage(IntPtr hwnd, Int32 msg, IntPtr wParam, IntPtr lParam, Boolean& handled)
   en MS.Win32.HwndWrapper.WndProc(IntPtr hwnd, Int32 msg, IntPtr wParam, IntPtr lParam, Boolean& handled)
   en MS.Win32.HwndSubclass.DispatcherCallbackOperation(Object o)
   en System.Windows.Threading.ExceptionWrapper.InternalRealCall(Delegate callback, Object args, Int32 numArgs)
   en System.Windows.Threading.ExceptionWrapper.TryCatchWhen(Object source, Delegate callback, Object args, Int32 numArgs, Delegate catchHandler)
ErrorTraceSource Error: 0 : Unhandled exception occurred on 9/05/2019 3:49:12 a. m. : No se puede cargar el archivo o ensamblado 'MyActivityLibrary, Version=1.0.0.0, Culture=neutral, PublicKeyToken=null' ni una de sus dependencias. El sistema no puede encontrar el archivo especificado.   en System.Reflection.RuntimeAssembly._nLoad(AssemblyName fileName, String codeBase, Evidence assemblySecurity, RuntimeAssembly locationHint, StackCrawlMark& stackMark, IntPtr pPrivHostBinder, Boolean throwOnFileNotFound, Boolean forIntrospection, Boolean suppressSecurityChecks)
   en System.Reflection.RuntimeAssembly.nLoad(AssemblyName fileName, String codeBase, Evidence assemblySecurity, RuntimeAssembly locationHint, StackCrawlMark& stackMark, IntPtr pPrivHostBinder, Boolean throwOnFileNotFound, Boolean forIntrospection, Boolean suppressSecurityChecks)
   en System.Reflection.RuntimeAssembly.InternalLoadAssemblyName(AssemblyName assemblyRef, Evidence assemblySecurity, RuntimeAssembly reqAssembly, StackCrawlMark& stackMark, IntPtr pPrivHostBinder, Boolean throwOnFileNotFound, Boolean forIntrospection, Boolean suppressSecurityChecks)
   en System.Reflection.RuntimeAssembly.InternalLoad(String assemblyString, Evidence assemblySecurity, StackCrawlMark& stackMark, IntPtr pPrivHostBinder, Boolean forIntrospection)
   en System.Reflection.RuntimeAssembly.InternalLoad(String assemblyString, Evidence assemblySecurity, StackCrawlMark& stackMark, Boolean forIntrospection)
   en System.Reflection.Assembly.Load(String assemblyString)
   en System.Activities.Presentation.Toolbox.ToolboxItemWrapper.ResolveToolboxItem()
   en System.Activities.Presentation.Toolbox.ToolboxControl.OnToolPropertyChanged(Object sender, PropertyChangedEventArgs e)
   en System.Activities.Presentation.Toolbox.ToolboxControl.OnToolsCollectionChange(Object sender, NotifyCollectionChangedEventArgs args)
   en System.Collections.Specialized.NotifyCollectionChangedEventHandler.Invoke(Object sender, NotifyCollectionChangedEventArgs e)
   en System.Collections.ObjectModel.ObservableCollection`1.OnCollectionChanged(NotifyCollectionChangedEventArgs e)
   en System.Collections.ObjectModel.ObservableCollection`1.InsertItem(Int32 index, T item)
   en System.Collections.ObjectModel.Collection`1.Add(T item)
   en System.Activities.Presentation.Toolbox.ToolboxCategory.Add(ToolboxItemWrapper tool)
   en Microsoft.Consulting.WorkflowStudio.ViewModel.MainWindowViewModel.AddCategoryToToolbox(List`1 assemblies) en C:\Users\Ts\Downloads\Nuevo workflowrehosted\El propio para iniciar\C#\ViewModel\MainWindowViewModel.cs:línea 1036
   en Microsoft.Consulting.WorkflowStudio.ViewModel.MainWindowViewModel.AddActivitiesFromAssemblies(IEnumerable`1 assemblyFiles) en C:\Users\Ts\Downloads\Nuevo workflowrehosted\El propio para iniciar\C#\ViewModel\MainWindowViewModel.cs:línea 1013
   en Microsoft.Consulting.WorkflowStudio.ViewModel.MainWindowViewModel.AddReference() en C:\Users\Ts\Downloads\Nuevo workflowrehosted\El propio para iniciar\C#\ViewModel\MainWindowViewModel.cs:línea 879
   en Microsoft.Consulting.WorkflowStudio.ViewModel.MainWindowViewModel.<get_AddReferenceCommand>b__78_0(Object param) en C:\Users\Ts\Downloads\Nuevo workflowrehosted\El propio para iniciar\C#\ViewModel\MainWindowViewModel.cs:línea 441
   en Microsoft.Consulting.WorkflowStudio.ViewModel.RelayCommand.Execute(Object parameter) en C:\Users\Ts\Downloads\Nuevo workflowrehosted\El propio para iniciar\C#\ViewModel\RelayCommand.cs:línea 47
   en MS.Internal.Commands.CommandHelpers.CriticalExecuteCommandSource(ICommandSource commandSource, Boolean userInitiated)
   en System.Windows.Controls.MenuItem.InvokeClickAfterRender(Object arg)
   en System.Windows.Threading.ExceptionWrapper.InternalRealCall(Delegate callback, Object args, Int32 numArgs)
   en System.Windows.Threading.ExceptionWrapper.TryCatchWhen(Object source, Delegate callback, Object args, Int32 numArgs, Delegate catchHandler)
ErrorTraceSource Error: 0 : Unhandled exception occurred on 9/05/2019 3:51:26 a. m. : No se puede cargar el archivo o ensamblado 'MyActivityLibrary, Version=1.0.0.0, Culture=neutral, PublicKeyToken=null' ni una de sus dependencias. El sistema no puede encontrar el archivo especificado.   en System.Reflection.RuntimeAssembly._nLoad(AssemblyName fileName, String codeBase, Evidence assemblySecurity, RuntimeAssembly locationHint, StackCrawlMark& stackMark, IntPtr pPrivHostBinder, Boolean throwOnFileNotFound, Boolean forIntrospection, Boolean suppressSecurityChecks)
   en System.Reflection.RuntimeAssembly.nLoad(AssemblyName fileName, String codeBase, Evidence assemblySecurity, RuntimeAssembly locationHint, StackCrawlMark& stackMark, IntPtr pPrivHostBinder, Boolean throwOnFileNotFound, Boolean forIntrospection, Boolean suppressSecurityChecks)
   en System.Reflection.RuntimeAssembly.InternalLoadAssemblyName(AssemblyName assemblyRef, Evidence assemblySecurity, RuntimeAssembly reqAssembly, StackCrawlMark& stackMark, IntPtr pPrivHostBinder, Boolean throwOnFileNotFound, Boolean forIntrospection, Boolean suppressSecurityChecks)
   en System.Reflection.RuntimeAssembly.InternalLoad(String assemblyString, Evidence assemblySecurity, StackCrawlMark& stackMark, IntPtr pPrivHostBinder, Boolean forIntrospection)
   en System.Reflection.RuntimeAssembly.InternalLoad(String assemblyString, Evidence assemblySecurity, StackCrawlMark& stackMark, Boolean forIntrospection)
   en System.Reflection.Assembly.Load(String assemblyString)
   en System.Activities.Presentation.Toolbox.ToolboxItemWrapper.ResolveToolboxItem()
   en System.Activities.Presentation.Toolbox.ToolboxControl.OnToolPropertyChanged(Object sender, PropertyChangedEventArgs e)
   en System.Activities.Presentation.Toolbox.ToolboxControl.OnToolsCollectionChange(Object sender, NotifyCollectionChangedEventArgs args)
   en System.Collections.Specialized.NotifyCollectionChangedEventHandler.Invoke(Object sender, NotifyCollectionChangedEventArgs e)
   en System.Collections.ObjectModel.ObservableCollection`1.OnCollectionChanged(NotifyCollectionChangedEventArgs e)
   en System.Collections.ObjectModel.ObservableCollection`1.InsertItem(Int32 index, T item)
   en System.Collections.ObjectModel.Collection`1.Add(T item)
   en System.Activities.Presentation.Toolbox.ToolboxCategory.Add(ToolboxItemWrapper tool)
   en Microsoft.Consulting.WorkflowStudio.ViewModel.MainWindowViewModel.AddCategoryToToolbox(List`1 assemblies) en C:\Users\Ts\Downloads\Nuevo workflowrehosted\El propio para iniciar\C#\ViewModel\MainWindowViewModel.cs:línea 1036
   en Microsoft.Consulting.WorkflowStudio.ViewModel.MainWindowViewModel.AddActivitiesFromAssemblies(IEnumerable`1 assemblyFiles) en C:\Users\Ts\Downloads\Nuevo workflowrehosted\El propio para iniciar\C#\ViewModel\MainWindowViewModel.cs:línea 1013
   en Microsoft.Consulting.WorkflowStudio.ViewModel.MainWindowViewModel.AddReference() en C:\Users\Ts\Downloads\Nuevo workflowrehosted\El propio para iniciar\C#\ViewModel\MainWindowViewModel.cs:línea 879
   en Microsoft.Consulting.WorkflowStudio.ViewModel.MainWindowViewModel.<get_AddReferenceCommand>b__78_0(Object param) en C:\Users\Ts\Downloads\Nuevo workflowrehosted\El propio para iniciar\C#\ViewModel\MainWindowViewModel.cs:línea 441
   en Microsoft.Consulting.WorkflowStudio.ViewModel.RelayCommand.Execute(Object parameter) en C:\Users\Ts\Downloads\Nuevo workflowrehosted\El propio para iniciar\C#\ViewModel\RelayCommand.cs:línea 47
   en MS.Internal.Commands.CommandHelpers.CriticalExecuteCommandSource(ICommandSource commandSource, Boolean userInitiated)
   en System.Windows.Controls.MenuItem.InvokeClickAfterRender(Object arg)
   en System.Windows.Threading.ExceptionWrapper.InternalRealCall(Delegate callback, Object args, Int32 numArgs)
   en System.Windows.Threading.ExceptionWrapper.TryCatchWhen(Object source, Delegate callback, Object args, Int32 numArgs, Delegate catchHandler)
ErrorTraceSource Error: 0 : Unhandled exception occurred on 19/05/2019 4:10:34 p. m. : No se puede cargar el archivo o ensamblado 'MyActivityLibrary, Version=1.0.0.0, Culture=neutral, PublicKeyToken=null' ni una de sus dependencias. El sistema no puede encontrar el archivo especificado.   en System.Reflection.RuntimeAssembly._nLoad(AssemblyName fileName, String codeBase, Evidence assemblySecurity, RuntimeAssembly locationHint, StackCrawlMark& stackMark, IntPtr pPrivHostBinder, Boolean throwOnFileNotFound, Boolean forIntrospection, Boolean suppressSecurityChecks)
   en System.Reflection.RuntimeAssembly.nLoad(AssemblyName fileName, String codeBase, Evidence assemblySecurity, RuntimeAssembly locationHint, StackCrawlMark& stackMark, IntPtr pPrivHostBinder, Boolean throwOnFileNotFound, Boolean forIntrospection, Boolean suppressSecurityChecks)
   en System.Reflection.RuntimeAssembly.InternalLoadAssemblyName(AssemblyName assemblyRef, Evidence assemblySecurity, RuntimeAssembly reqAssembly, StackCrawlMark& stackMark, IntPtr pPrivHostBinder, Boolean throwOnFileNotFound, Boolean forIntrospection, Boolean suppressSecurityChecks)
   en System.Reflection.RuntimeAssembly.InternalLoad(String assemblyString, Evidence assemblySecurity, StackCrawlMark& stackMark, IntPtr pPrivHostBinder, Boolean forIntrospection)
   en System.Reflection.RuntimeAssembly.InternalLoad(String assemblyString, Evidence assemblySecurity, StackCrawlMark& stackMark, Boolean forIntrospection)
   en System.Reflection.Assembly.Load(String assemblyString)
   en System.Activities.Presentation.Toolbox.ToolboxItemWrapper.ResolveToolboxItem()
   en System.Activities.Presentation.Toolbox.ToolboxControl.OnToolPropertyChanged(Object sender, PropertyChangedEventArgs e)
   en System.Activities.Presentation.Toolbox.ToolboxControl.OnToolsCollectionChange(Object sender, NotifyCollectionChangedEventArgs args)
   en System.Collections.Specialized.NotifyCollectionChangedEventHandler.Invoke(Object sender, NotifyCollectionChangedEventArgs e)
   en System.Collections.ObjectModel.ObservableCollection`1.OnCollectionChanged(NotifyCollectionChangedEventArgs e)
   en System.Collections.ObjectModel.ObservableCollection`1.InsertItem(Int32 index, T item)
   en System.Collections.ObjectModel.Collection`1.Add(T item)
   en System.Activities.Presentation.Toolbox.ToolboxCategory.Add(ToolboxItemWrapper tool)
   en Microsoft.Consulting.WorkflowStudio.ViewModel.MainWindowViewModel.AddCategoryToToolbox(List`1 assemblies) en C:\Users\Ts\Downloads\Nuevo workflowrehosted\El propio para iniciar\C#\ViewModel\MainWindowViewModel.cs:línea 1036
   en Microsoft.Consulting.WorkflowStudio.ViewModel.MainWindowViewModel.AddActivitiesFromAssemblies(IEnumerable`1 assemblyFiles) en C:\Users\Ts\Downloads\Nuevo workflowrehosted\El propio para iniciar\C#\ViewModel\MainWindowViewModel.cs:línea 1013
   en Microsoft.Consulting.WorkflowStudio.ViewModel.MainWindowViewModel.AddReference() en C:\Users\Ts\Downloads\Nuevo workflowrehosted\El propio para iniciar\C#\ViewModel\MainWindowViewModel.cs:línea 879
   en Microsoft.Consulting.WorkflowStudio.ViewModel.MainWindowViewModel.<get_AddReferenceCommand>b__78_0(Object param) en C:\Users\Ts\Downloads\Nuevo workflowrehosted\El propio para iniciar\C#\ViewModel\MainWindowViewModel.cs:línea 441
   en Microsoft.Consulting.WorkflowStudio.ViewModel.RelayCommand.Execute(Object parameter) en C:\Users\Ts\Downloads\Nuevo workflowrehosted\El propio para iniciar\C#\ViewModel\RelayCommand.cs:línea 47
   en MS.Internal.Commands.CommandHelpers.CriticalExecuteCommandSource(ICommandSource commandSource, Boolean userInitiated)
   en System.Windows.Controls.MenuItem.InvokeClickAfterRender(Object arg)
   en System.Windows.Threading.ExceptionWrapper.InternalRealCall(Delegate callback, Object args, Int32 numArgs)
   en System.Windows.Threading.ExceptionWrapper.TryCatchWhen(Object source, Delegate callback, Object args, Int32 numArgs, Delegate catchHandler)
ErrorTraceSource Error: 0 : Unhandled exception occurred on 19/05/2019 4:36:01 p. m. : No se puede cargar el archivo o ensamblado 'MyActivityLibrary, Version=1.0.0.0, Culture=neutral, PublicKeyToken=2a387f743ede9fdf' ni una de sus dependencias. El sistema no puede encontrar el archivo especificado.   en System.Reflection.RuntimeAssembly._nLoad(AssemblyName fileName, String codeBase, Evidence assemblySecurity, RuntimeAssembly locationHint, StackCrawlMark& stackMark, IntPtr pPrivHostBinder, Boolean throwOnFileNotFound, Boolean forIntrospection, Boolean suppressSecurityChecks)
   en System.Reflection.RuntimeAssembly.nLoad(AssemblyName fileName, String codeBase, Evidence assemblySecurity, RuntimeAssembly locationHint, StackCrawlMark& stackMark, IntPtr pPrivHostBinder, Boolean throwOnFileNotFound, Boolean forIntrospection, Boolean suppressSecurityChecks)
   en System.Reflection.RuntimeAssembly.InternalLoadAssemblyName(AssemblyName assemblyRef, Evidence assemblySecurity, RuntimeAssembly reqAssembly, StackCrawlMark& stackMark, IntPtr pPrivHostBinder, Boolean throwOnFileNotFound, Boolean forIntrospection, Boolean suppressSecurityChecks)
   en System.Reflection.RuntimeAssembly.InternalLoad(String assemblyString, Evidence assemblySecurity, StackCrawlMark& stackMark, IntPtr pPrivHostBinder, Boolean forIntrospection)
   en System.Reflection.RuntimeAssembly.InternalLoad(String assemblyString, Evidence assemblySecurity, StackCrawlMark& stackMark, Boolean forIntrospection)
   en System.Reflection.Assembly.Load(String assemblyString)
   en System.Activities.Presentation.Toolbox.ToolboxItemWrapper.ResolveToolboxItem()
   en System.Activities.Presentation.Toolbox.ToolboxControl.OnToolPropertyChanged(Object sender, PropertyChangedEventArgs e)
   en System.Activities.Presentation.Toolbox.ToolboxControl.OnToolsCollectionChange(Object sender, NotifyCollectionChangedEventArgs args)
   en System.Collections.Specialized.NotifyCollectionChangedEventHandler.Invoke(Object sender, NotifyCollectionChangedEventArgs e)
   en System.Collections.ObjectModel.ObservableCollection`1.OnCollectionChanged(NotifyCollectionChangedEventArgs e)
   en System.Collections.ObjectModel.ObservableCollection`1.InsertItem(Int32 index, T item)
   en System.Collections.ObjectModel.Collection`1.Add(T item)
   en System.Activities.Presentation.Toolbox.ToolboxCategory.Add(ToolboxItemWrapper tool)
   en Microsoft.Consulting.WorkflowStudio.ViewModel.MainWindowViewModel.AddCategoryToToolbox(List`1 assemblies) en C:\Users\Ts\Downloads\Nuevo workflowrehosted\El propio para iniciar\C#\ViewModel\MainWindowViewModel.cs:línea 1036
   en Microsoft.Consulting.WorkflowStudio.ViewModel.MainWindowViewModel.AddActivitiesFromAssemblies(IEnumerable`1 assemblyFiles) en C:\Users\Ts\Downloads\Nuevo workflowrehosted\El propio para iniciar\C#\ViewModel\MainWindowViewModel.cs:línea 1013
   en Microsoft.Consulting.WorkflowStudio.ViewModel.MainWindowViewModel.AddReference() en C:\Users\Ts\Downloads\Nuevo workflowrehosted\El propio para iniciar\C#\ViewModel\MainWindowViewModel.cs:línea 879
   en Microsoft.Consulting.WorkflowStudio.ViewModel.MainWindowViewModel.<get_AddReferenceCommand>b__78_0(Object param) en C:\Users\Ts\Downloads\Nuevo workflowrehosted\El propio para iniciar\C#\ViewModel\MainWindowViewModel.cs:línea 441
   en Microsoft.Consulting.WorkflowStudio.ViewModel.RelayCommand.Execute(Object parameter) en C:\Users\Ts\Downloads\Nuevo workflowrehosted\El propio para iniciar\C#\ViewModel\RelayCommand.cs:línea 47
   en MS.Internal.Commands.CommandHelpers.CriticalExecuteCommandSource(ICommandSource commandSource, Boolean userInitiated)
   en System.Windows.Controls.MenuItem.InvokeClickAfterRender(Object arg)
   en System.Windows.Threading.ExceptionWrapper.InternalRealCall(Delegate callback, Object args, Int32 numArgs)
   en System.Windows.Threading.ExceptionWrapper.TryCatchWhen(Object source, Delegate callback, Object args, Int32 numArgs, Delegate catchHandler)
ErrorTraceSource Error: 0 : Unhandled exception occurred on 19/05/2019 4:45:08 p. m. : No se puede cargar el archivo o ensamblado 'MyActivityLibrary, Version=1.0.0.0, Culture=neutral, PublicKeyToken=2a387f743ede9fdf' ni una de sus dependencias. El sistema no puede encontrar el archivo especificado.   en System.Reflection.RuntimeAssembly._nLoad(AssemblyName fileName, String codeBase, Evidence assemblySecurity, RuntimeAssembly locationHint, StackCrawlMark& stackMark, IntPtr pPrivHostBinder, Boolean throwOnFileNotFound, Boolean forIntrospection, Boolean suppressSecurityChecks)
   en System.Reflection.RuntimeAssembly.nLoad(AssemblyName fileName, String codeBase, Evidence assemblySecurity, RuntimeAssembly locationHint, StackCrawlMark& stackMark, IntPtr pPrivHostBinder, Boolean throwOnFileNotFound, Boolean forIntrospection, Boolean suppressSecurityChecks)
   en System.Reflection.RuntimeAssembly.InternalLoadAssemblyName(AssemblyName assemblyRef, Evidence assemblySecurity, RuntimeAssembly reqAssembly, StackCrawlMark& stackMark, IntPtr pPrivHostBinder, Boolean throwOnFileNotFound, Boolean forIntrospection, Boolean suppressSecurityChecks)
   en System.Reflection.RuntimeAssembly.InternalLoad(String assemblyString, Evidence assemblySecurity, StackCrawlMark& stackMark, IntPtr pPrivHostBinder, Boolean forIntrospection)
   en System.Reflection.RuntimeAssembly.InternalLoad(String assemblyString, Evidence assemblySecurity, StackCrawlMark& stackMark, Boolean forIntrospection)
   en System.Reflection.Assembly.Load(String assemblyString)
   en System.Activities.Presentation.Toolbox.ToolboxItemWrapper.ResolveToolboxItem()
   en System.Activities.Presentation.Toolbox.ToolboxControl.OnToolPropertyChanged(Object sender, PropertyChangedEventArgs e)
   en System.Activities.Presentation.Toolbox.ToolboxControl.OnToolsCollectionChange(Object sender, NotifyCollectionChangedEventArgs args)
   en System.Collections.Specialized.NotifyCollectionChangedEventHandler.Invoke(Object sender, NotifyCollectionChangedEventArgs e)
   en System.Collections.ObjectModel.ObservableCollection`1.OnCollectionChanged(NotifyCollectionChangedEventArgs e)
   en System.Collections.ObjectModel.ObservableCollection`1.InsertItem(Int32 index, T item)
   en System.Collections.ObjectModel.Collection`1.Add(T item)
   en System.Activities.Presentation.Toolbox.ToolboxCategory.Add(ToolboxItemWrapper tool)
   en Microsoft.Consulting.WorkflowStudio.ViewModel.MainWindowViewModel.AddCategoryToToolbox(List`1 assemblies) en C:\Users\Ts\Downloads\Nuevo workflowrehosted\El propio para iniciar\C#\ViewModel\MainWindowViewModel.cs:línea 1036
   en Microsoft.Consulting.WorkflowStudio.ViewModel.MainWindowViewModel.AddActivitiesFromAssemblies(IEnumerable`1 assemblyFiles) en C:\Users\Ts\Downloads\Nuevo workflowrehosted\El propio para iniciar\C#\ViewModel\MainWindowViewModel.cs:línea 1013
   en Microsoft.Consulting.WorkflowStudio.ViewModel.MainWindowViewModel.AddReference() en C:\Users\Ts\Downloads\Nuevo workflowrehosted\El propio para iniciar\C#\ViewModel\MainWindowViewModel.cs:línea 879
   en Microsoft.Consulting.WorkflowStudio.ViewModel.MainWindowViewModel.<get_AddReferenceCommand>b__78_0(Object param) en C:\Users\Ts\Downloads\Nuevo workflowrehosted\El propio para iniciar\C#\ViewModel\MainWindowViewModel.cs:línea 441
   en Microsoft.Consulting.WorkflowStudio.ViewModel.RelayCommand.Execute(Object parameter) en C:\Users\Ts\Downloads\Nuevo workflowrehosted\El propio para iniciar\C#\ViewModel\RelayCommand.cs:línea 47
   en MS.Internal.Commands.CommandHelpers.CriticalExecuteCommandSource(ICommandSource commandSource, Boolean userInitiated)
   en System.Windows.Controls.MenuItem.InvokeClickAfterRender(Object arg)
   en System.Windows.Threading.ExceptionWrapper.InternalRealCall(Delegate callback, Object args, Int32 numArgs)
   en System.Windows.Threading.ExceptionWrapper.TryCatchWhen(Object source, Delegate callback, Object args, Int32 numArgs, Delegate catchHandler)
ErrorTraceSource Error: 0 : Unhandled exception occurred on 19/05/2019 4:45:58 p. m. : No se puede cargar el archivo o ensamblado 'MyActivityLibrary, Version=1.0.0.0, Culture=neutral, PublicKeyToken=2a387f743ede9fdf' ni una de sus dependencias. El sistema no puede encontrar el archivo especificado.   en System.Reflection.RuntimeAssembly._nLoad(AssemblyName fileName, String codeBase, Evidence assemblySecurity, RuntimeAssembly locationHint, StackCrawlMark& stackMark, IntPtr pPrivHostBinder, Boolean throwOnFileNotFound, Boolean forIntrospection, Boolean suppressSecurityChecks)
   en System.Reflection.RuntimeAssembly.nLoad(AssemblyName fileName, String codeBase, Evidence assemblySecurity, RuntimeAssembly locationHint, StackCrawlMark& stackMark, IntPtr pPrivHostBinder, Boolean throwOnFileNotFound, Boolean forIntrospection, Boolean suppressSecurityChecks)
   en System.Reflection.RuntimeAssembly.InternalLoadAssemblyName(AssemblyName assemblyRef, Evidence assemblySecurity, RuntimeAssembly reqAssembly, StackCrawlMark& stackMark, IntPtr pPrivHostBinder, Boolean throwOnFileNotFound, Boolean forIntrospection, Boolean suppressSecurityChecks)
   en System.Reflection.RuntimeAssembly.InternalLoad(String assemblyString, Evidence assemblySecurity, StackCrawlMark& stackMark, IntPtr pPrivHostBinder, Boolean forIntrospection)
   en System.Reflection.RuntimeAssembly.InternalLoad(String assemblyString, Evidence assemblySecurity, StackCrawlMark& stackMark, Boolean forIntrospection)
   en System.Reflection.Assembly.Load(String assemblyString)
   en System.Activities.Presentation.Toolbox.ToolboxItemWrapper.ResolveToolboxItem()
   en System.Activities.Presentation.Toolbox.ToolboxControl.OnToolPropertyChanged(Object sender, PropertyChangedEventArgs e)
   en System.Activities.Presentation.Toolbox.ToolboxControl.OnToolsCollectionChange(Object sender, NotifyCollectionChangedEventArgs args)
   en System.Collections.Specialized.NotifyCollectionChangedEventHandler.Invoke(Object sender, NotifyCollectionChangedEventArgs e)
   en System.Collections.ObjectModel.ObservableCollection`1.OnCollectionChanged(NotifyCollectionChangedEventArgs e)
   en System.Collections.ObjectModel.ObservableCollection`1.InsertItem(Int32 index, T item)
   en System.Collections.ObjectModel.Collection`1.Add(T item)
   en System.Activities.Presentation.Toolbox.ToolboxCategory.Add(ToolboxItemWrapper tool)
   en Microsoft.Consulting.WorkflowStudio.ViewModel.MainWindowViewModel.AddCategoryToToolbox(List`1 assemblies) en C:\Users\Ts\Downloads\Nuevo workflowrehosted\El propio para iniciar\C#\ViewModel\MainWindowViewModel.cs:línea 1036
   en Microsoft.Consulting.WorkflowStudio.ViewModel.MainWindowViewModel.AddActivitiesFromAssemblies(IEnumerable`1 assemblyFiles) en C:\Users\Ts\Downloads\Nuevo workflowrehosted\El propio para iniciar\C#\ViewModel\MainWindowViewModel.cs:línea 1013
   en Microsoft.Consulting.WorkflowStudio.ViewModel.MainWindowViewModel.AddReference() en C:\Users\Ts\Downloads\Nuevo workflowrehosted\El propio para iniciar\C#\ViewModel\MainWindowViewModel.cs:línea 879
   en Microsoft.Consulting.WorkflowStudio.ViewModel.MainWindowViewModel.<get_AddReferenceCommand>b__78_0(Object param) en C:\Users\Ts\Downloads\Nuevo workflowrehosted\El propio para iniciar\C#\ViewModel\MainWindowViewModel.cs:línea 441
   en Microsoft.Consulting.WorkflowStudio.ViewModel.RelayCommand.Execute(Object parameter) en C:\Users\Ts\Downloads\Nuevo workflowrehosted\El propio para iniciar\C#\ViewModel\RelayCommand.cs:línea 47
   en MS.Internal.Commands.CommandHelpers.CriticalExecuteCommandSource(ICommandSource commandSource, Boolean userInitiated)
   en System.Windows.Controls.MenuItem.InvokeClickAfterRender(Object arg)
   en System.Windows.Threading.ExceptionWrapper.InternalRealCall(Delegate callback, Object args, Int32 numArgs)
   en System.Windows.Threading.ExceptionWrapper.TryCatchWhen(Object source, Delegate callback, Object args, Int32 numArgs, Delegate catchHandler)
ErrorTraceSource Error: 0 : Unhandled exception occurred on 19/05/2019 11:30:46 p. m. : No se puede cargar el archivo o ensamblado 'MyActivityLibrary, Version=1.0.0.0, Culture=neutral, PublicKeyToken=2a387f743ede9fdf' ni una de sus dependencias. La definición del manifiesto del ensamblado no coincide con la referencia al ensamblado. (Excepción de HRESULT: 0x80131040)   en Microsoft.Consulting.WorkflowStudio.ViewModel.MainWindowViewModel.InitialiseToolbox()
   en Microsoft.Consulting.WorkflowStudio.ViewModel.MainWindowViewModel..ctor(DockingManager dockingManager, ResizingPanel horizontalResizingPanel, ResizingPanel verticalResizingPanel, DockablePane tabsPane) en C:\Users\Ts\Downloads\Nuevo workflowrehosted\El propio para iniciar\C#\ViewModel\MainWindowViewModel.cs:línea 111
   en Microsoft.Consulting.WorkflowStudio.Views.MainWindow..ctor() en C:\Users\Ts\Downloads\Nuevo workflowrehosted\El propio para iniciar\C#\Views\MainWindow.xaml.cs:línea 26
   en Microsoft.Consulting.WorkflowStudio.App.OnStartup(StartupEventArgs e) en C:\Users\Ts\Downloads\Nuevo workflowrehosted\El propio para iniciar\C#\App.xaml.cs:línea 38
   en System.Windows.Application.<.ctor>b__1_0(Object unused)
   en System.Windows.Threading.ExceptionWrapper.InternalRealCall(Delegate callback, Object args, Int32 numArgs)
   en System.Windows.Threading.ExceptionWrapper.TryCatchWhen(Object source, Delegate callback, Object args, Int32 numArgs, Delegate catchHandler)
ErrorTraceSource Error: 0 : Unhandled exception occurred on 19/05/2019 11:43:39 p. m. : No se puede cargar el archivo o ensamblado 'MyActivityLibrary, Version=1.0.0.0, Culture=neutral, PublicKeyToken=2a387f743ede9fdf' ni una de sus dependencias. La definición del manifiesto del ensamblado no coincide con la referencia al ensamblado. (Excepción de HRESULT: 0x80131040)   en Microsoft.Consulting.WorkflowStudio.ViewModel.MainWindowViewModel.InitialiseToolbox()
   en Microsoft.Consulting.WorkflowStudio.ViewModel.MainWindowViewModel..ctor(DockingManager dockingManager, ResizingPanel horizontalResizingPanel, ResizingPanel verticalResizingPanel, DockablePane tabsPane) en C:\Users\Ts\Downloads\Nuevo workflowrehosted\El propio para iniciar\C#\ViewModel\MainWindowViewModel.cs:línea 111
   en Microsoft.Consulting.WorkflowStudio.Views.MainWindow..ctor() en C:\Users\Ts\Downloads\Nuevo workflowrehosted\El propio para iniciar\C#\Views\MainWindow.xaml.cs:línea 26
   en Microsoft.Consulting.WorkflowStudio.App.OnStartup(StartupEventArgs e) en C:\Users\Ts\Downloads\Nuevo workflowrehosted\El propio para iniciar\C#\App.xaml.cs:línea 38
   en System.Windows.Application.<.ctor>b__1_0(Object unused)
   en System.Windows.Threading.ExceptionWrapper.InternalRealCall(Delegate callback, Object args, Int32 numArgs)
   en System.Windows.Threading.ExceptionWrapper.TryCatchWhen(Object source, Delegate callback, Object args, Int32 numArgs, Delegate catchHandler)
ErrorTraceSource Error: 0 : Unhandled exception occurred on 19/05/2019 11:47:26 p. m. : No se puede cargar el archivo o ensamblado 'MyActivityLibrary, Version=1.0.0.0, Culture=neutral, PublicKeyToken=2a387f743ede9fdf' ni una de sus dependencias. La definición del manifiesto del ensamblado no coincide con la referencia al ensamblado. (Excepción de HRESULT: 0x80131040)   en Microsoft.Consulting.WorkflowStudio.ViewModel.MainWindowViewModel.InitialiseToolbox()
   en Microsoft.Consulting.WorkflowStudio.ViewModel.MainWindowViewModel..ctor(DockingManager dockingManager, ResizingPanel horizontalResizingPanel, ResizingPanel verticalResizingPanel, DockablePane tabsPane) en C:\Users\Ts\Downloads\Nuevo workflowrehosted\El propio para iniciar\C#\ViewModel\MainWindowViewModel.cs:línea 111
   en Microsoft.Consulting.WorkflowStudio.Views.MainWindow..ctor() en C:\Users\Ts\Downloads\Nuevo workflowrehosted\El propio para iniciar\C#\Views\MainWindow.xaml.cs:línea 26
   en Microsoft.Consulting.WorkflowStudio.App.OnStartup(StartupEventArgs e) en C:\Users\Ts\Downloads\Nuevo workflowrehosted\El propio para iniciar\C#\App.xaml.cs:línea 38
   en System.Windows.Application.<.ctor>b__1_0(Object unused)
   en System.Windows.Threading.ExceptionWrapper.InternalRealCall(Delegate callback, Object args, Int32 numArgs)
   en System.Windows.Threading.ExceptionWrapper.TryCatchWhen(Object source, Delegate callback, Object args, Int32 numArgs, Delegate catchHandler)
